Build started 04.02.2019 23:34:33.
     1>Project "E:\workspaces\VS_workspace\dziala\MIASGKVS13\MIASGKVS13\MIASGKVS13.vcxproj" on node 2 (Build target(s)).
     1>ClCompile:
         C:\Program Files (x86)\Microsoft Visual Studio 12.0\VC\bin\CL.exe /c /ZI /nologo /W3 /WX- /sdl /Od /Oy- /D WIN32 /D _DEBUG /D _CONSOLE /D _LIB /D _UNICODE /D UNICODE /Gm /EHsc /RTC1 /MDd /GS /fp:precise /Zc:wchar_t /Zc:forScope /Fo"Debug\\" /Fd"Debug\vc120.pdb" /Gd /TP /analyze- /errorReport:prompt main.cpp
         main.cpp
       Link:
         C:\Program Files (x86)\Microsoft Visual Studio 12.0\VC\bin\link.exe /ERRORREPORT:PROMPT /OUT:"E:\workspaces\VS_workspace\dziala\MIASGKVS13\Debug\MIASGKVS13.exe" /INCREMENTAL /NOLOGO kernel32.lib user32.lib gdi32.lib winspool.lib comdlg32.lib advapi32.lib shell32.lib ole32.lib oleaut32.lib uuid.lib odbc32.lib odbccp32.lib /MANIFEST /MANIFESTUAC:"level='asInvoker' uiAccess='false'" /manifest:embed /DEBUG /PDB:"E:\workspaces\VS_workspace\dziala\MIASGKVS13\Debug\MIASGKVS13.pdb" /SUBSYSTEM:CONSOLE /TLBID:1 /DYNAMICBASE /NXCOMPAT /IMPLIB:"E:\workspaces\VS_workspace\dziala\MIASGKVS13\Debug\MIASGKVS13.lib" /MACHINE:X86 Debug\ColorBuffer.obj
         Debug\DirectionalLight.obj
         Debug\Float3.obj
         Debug\Float4.obj
         Debug\Float4x4.obj
         Debug\Int3.obj
         Debug\Light.obj
         Debug\main.obj
         Debug\Mesh.obj
         Debug\OBJLoader.obj
         Debug\PointLight.obj
         Debug\PPMBuffer.obj
         Debug\Rasterizer.obj
         Debug\RGBColor.obj
         Debug\Vertex.obj
         Debug\VertexProcessor.obj
         MIASGKVS13.vcxproj -> E:\workspaces\VS_workspace\dziala\MIASGKVS13\Debug\MIASGKVS13.exe
     1>Done Building Project "E:\workspaces\VS_workspace\dziala\MIASGKVS13\MIASGKVS13\MIASGKVS13.vcxproj" (Build target(s)).

Build succeeded.

Time Elapsed 00:00:01.51
